<testsuites id="" name="" tests="1" failures="0" skipped="0" errors="0" time="1.6223379999999887">
<testsuite name="blog.list.spec.js" timestamp="2024-05-13T17:40:24.918Z" hostname="chromium" tests="1" failures="0" skipped="0" time="0.98" errors="0">
<testcase name="Working with mock network" classname="blog.list.spec.js" time="0.98">
<system-out>
<![CDATA[
[[ATTACHMENT|../test-results/blog.list-Working-with-mock-network-chromium/video.webm]]

[[ATTACHMENT|../test-results/blog.list-Working-with-mock-network-chromium/trace.zip]]
]]>
</system-out>
</testcase>
</testsuite>
</testsuites>