<testsuites id="" name="" tests="2" failures="0" skipped="0" errors="0" time="3.94612">
<testsuite name="visual-tests/home.screen.spec.js" timestamp="2024-05-14T01:06:12.856Z" hostname="chromium" tests="2" failures="0" skipped="0" time="6.809" errors="0">
<testcase name="Check Home Screen" classname="visual-tests/home.screen.spec.js" time="3.29">
<system-out>
<![CDATA[
[[ATTACHMENT|../test-results/visual-tests-home.screen-Check-Home-Screen-chromium/video.webm]]
]]>
</system-out>
</testcase>
<testcase name="Check Popular Tags" classname="visual-tests/home.screen.spec.js" time="3.519">
<system-out>
<![CDATA[
[[ATTACHMENT|../test-results/visual-tests-home.screen-Check-Popular-Tags-chromium/video.webm]]
]]>
</system-out>
</testcase>
</testsuite>
</testsuites>